z:\code\tibianer\tibianer\release\vc143.pdb
z:\code\tibianer\tibianer\release\main.obj
z:\code\tibianer\tibianer\release\imgui_widgets.obj
z:\code\tibianer\tibianer\release\imgui_tables.obj
z:\code\tibianer\tibianer\release\imgui_draw.obj
z:\code\tibianer\tibianer\release\imgui_demo.obj
z:\code\tibianer\tibianer\release\imgui.obj
z:\code\tibianer\tibianer\release\imgui-sfml.obj
z:\code\tibianer\release\tibianer.exe
z:\code\tibianer\tibianer\release\tibianer.ipdb
z:\code\tibianer\tibianer\release\tibianer.iobj
z:\code\tibianer\release\tibianer.pdb
z:\code\tibianer\tibianer\release\resource.res
z:\code\tibianer\tibianer\release\tibianer.tlog\cl.command.1.tlog
z:\code\tibianer\tibianer\release\tibianer.tlog\cl.read.1.tlog
z:\code\tibianer\tibianer\release\tibianer.tlog\cl.write.1.tlog
z:\code\tibianer\tibianer\release\tibianer.tlog\link.command.1.tlog
z:\code\tibianer\tibianer\release\tibianer.tlog\link.read.1.tlog
z:\code\tibianer\tibianer\release\tibianer.tlog\link.write.1.tlog
z:\code\tibianer\tibianer\release\tibianer.tlog\rc.command.1.tlog
z:\code\tibianer\tibianer\release\tibianer.tlog\rc.read.1.tlog
z:\code\tibianer\tibianer\release\tibianer.tlog\rc.write.1.tlog
